<?xml version="1.0" encoding="UTF-8"?>
<!-- Generated by org.testng.reporters.JUnitReportReporter -->
<testsuite hostname="PROBOOK" failures="0" tests="9" name="MySwagTest" time="12.904" errors="0" timestamp="2024-08-27T19:39:09 EET" skipped="0">
  <testcase classname="MySwagTest" name="log_in" time="0.261"/>
  <system-out/>
  <testcase classname="MySwagTest" name="theProductIsFound" time="0.028"/>
  <system-out/>
  <testcase classname="MySwagTest" name="theSortItem" time="0.090"/>
  <system-out/>
  <testcase classname="MySwagTest" name="TheAcutalTheLowestPrice" time="0.059"/>
  <system-out/>
  <testcase classname="MySwagTest" name="TheAcutalTheHighestPrice" time="0.013"/>
  <system-out/>
  <testcase classname="MySwagTest" name="theNameAtoZ" time="3.082"/>
  <system-out/>
  <testcase classname="MySwagTest" name="theNameZtoA" time="3.114"/>
  <system-out/>
  <testcase classname="MySwagTest" name="thepricelowtohigh" time="3.137"/>
  <system-out/>
  <testcase classname="MySwagTest" name="thepricehightolow" time="3.120"/>
  <system-out/>
</testsuite> <!-- MySwagTest -->
