<?xml version="1.0" encoding="UTF-8"?>
<!-- Generated by org.testng.reporters.JUnitReportReporter -->
<testsuite hostname="PROBOOK" failures="0" tests="9" name="MySwagTest" time="12.948" errors="0" timestamp="2024-08-27T19:34:48 EET" skipped="0">
  <testcase classname="MySwagTest" name="log_in" time="0.281"/>
  <system-out/>
  <testcase classname="MySwagTest" name="theProductIsFound" time="0.039"/>
  <system-out/>
  <testcase classname="MySwagTest" name="theSortItem" time="0.088"/>
  <system-out/>
  <testcase classname="MySwagTest" name="TheAcutalTheLowestPrice" time="0.055"/>
  <system-out/>
  <testcase classname="MySwagTest" name="TheAcutalTheHighestPrice" time="0.014"/>
  <system-out/>
  <testcase classname="MySwagTest" name="theNameAtoZ" time="3.068"/>
  <system-out/>
  <testcase classname="MySwagTest" name="theNameZtoA" time="3.158"/>
  <system-out/>
  <testcase classname="MySwagTest" name="thepricelowtohigh" time="3.109"/>
  <system-out/>
  <testcase classname="MySwagTest" name="thepricehightolow" time="3.136"/>
  <system-out/>
</testsuite> <!-- MySwagTest -->
