<?xml version="1.0" encoding="UTF-8"?>
<!-- Generated by org.testng.reporters.JUnitReportReporter -->
<testsuite hostname="PROBOOK" failures="0" tests="9" name="MySwagTest" time="13.663" errors="0" timestamp="2024-08-28T20:41:08 EET" skipped="0">
  <testcase classname="MySwagTest" name="log_in" time="0.503"/>
  <system-out/>
  <testcase classname="MySwagTest" name="theProductIsFound" time="0.046"/>
  <system-out/>
  <testcase classname="MySwagTest" name="theSortItem" time="0.147"/>
  <system-out/>
  <testcase classname="MySwagTest" name="TheAcutalTheLowestPrice" time="0.064"/>
  <system-out/>
  <testcase classname="MySwagTest" name="TheAcutalTheHighestPrice" time="0.033"/>
  <system-out/>
  <testcase classname="MySwagTest" name="theNameAtoZ" time="3.175"/>
  <system-out/>
  <testcase classname="MySwagTest" name="theNameZtoA" time="3.184"/>
  <system-out/>
  <testcase classname="MySwagTest" name="thepricelowtohigh" time="3.311"/>
  <system-out/>
  <testcase classname="MySwagTest" name="thepricehightolow" time="3.200"/>
  <system-out/>
</testsuite> <!-- MySwagTest -->
