<?xml version="1.0" encoding="UTF-8"?>
<!-- Generated by org.testng.reporters.JUnitReportReporter -->
<testsuite hostname="PROBOOK" failures="0" tests="3" name="myTestCase" time="2.124" errors="0" timestamp="2024-08-25T18:18:26 EET" skipped="0">
  <testcase classname="myTestCase" name="verfiythatgoogleistitle" time="1.081"/>
  <system-out/>
  <testcase classname="myTestCase" name="verfiythatgoogleistitle" time="0.509"/>
  <system-out/>
  <testcase classname="myTestCase" name="verfiythatgoogleistitle" time="0.534"/>
  <system-out/>
</testsuite> <!-- myTestCase -->
